<?xml version="1.0" encoding="UTF-8"?>
<!-- Generated by org.testng.reporters.JUnitReportReporter -->
<testsuite hostname="DESKTOP-7CVSGU4" failures="0" tests="1" name="Testsrc.com.HomeTest" time="23.814" errors="0" timestamp="2023-02-08T16:19:02 IST" skipped="0">
  <testcase classname="Testsrc.com.HomeTest" name="login" time="23.814"/>
  <system-out/>
</testsuite> <!-- Testsrc.com.HomeTest -->
